<?xml version="1.0" encoding="UTF-8"?>
<!-- Generated by org.testng.reporters.JUnitReportReporter -->
<testsuite hostname="LAPTOP-8OG7RLSC" failures="0" tests="1" name="test.fliplartHomePageTest" time="5.552" errors="0" timestamp="09 Oct 2024 06:37:57 GMT" skipped="0">
  <testcase classname="test.fliplartHomePageTest" name="verifyFlipkartSearch" time="5.552"/>
</testsuite> <!-- test.fliplartHomePageTest -->
