<?xml version="1.0" encoding="UTF-8"?>
<!-- Generated by org.testng.reporters.JUnitReportReporter -->
<testsuite hostname="LAPTOP-8OG7RLSC" failures="0" tests="2" name="test.fliplartHomePageTest" time="9.211" errors="0" timestamp="09 Oct 2024 09:21:28 GMT" skipped="0">
  <testcase classname="test.fliplartHomePageTest" name="verifyFlipkartSearch" time="5.231"/>
  <testcase classname="test.fliplartHomePageTest" name="verifysearchIcon" time="3.980"/>
</testsuite> <!-- test.fliplartHomePageTest -->
